{"sessionId":"e15d16","hypothesisId":"BOOT","location":"BoggleGUI.<init>","message":"gui started","timestamp":1778604388278,"data":{"logFile":"C:\\VSProject\\Test\\BoggleAssignment\\redesigned-octo-spork\\debug-e15d16.log","userDir":"C:\\VSProject\\Test\\BoggleAssignment\\redesigned-octo-spork"}}
{"sessionId":"e15d16","hypothesisId":"BOOT","location":"BoggleGUI.<init>","message":"gui started","timestamp":1778604690771,"data":{"logFile":"C:\\VSProject\\Test\\BoggleAssignment\\redesigned-octo-spork\\debug-e15d16.log","userDir":"C:\\VSProject\\Test\\BoggleAssignment\\redesigned-octo-spork"}}
{"sessionId":"e15d16","hypothesisId":"BOOT","location":"BoggleGUI.<init>","message":"gui started","timestamp":1778604967488,"data":{"logFile":"C:\\VSProject\\Test\\BoggleAssignment\\redesigned-octo-spork\\debug-e15d16.log","userDir":"C:\\VSProject\\Test\\BoggleAssignment\\redesigned-octo-spork"}}
{"sessionId":"e15d16","hypothesisId":"H4","location":"BoggleGUI.startGame","message":"dictionary path check","timestamp":1778604998754,"data":{"exists":true,"path":"C:\\VSProject\\Test\\BoggleAssignment\\redesigned-octo-spork\\src\\wordlist.txt"}}
{"sessionId":"e15d16","hypothesisId":"H5","location":"BoggleGUI.startGame","message":"session about to start","timestamp":1778605001858,"data":{"phase":1,"playerCount":2}}
{"sessionId":"e15d16","hypothesisId":"H1","location":"BoggleGUI.startGame","message":"GameSession created","timestamp":1778605006738,"data":{}}
{"sessionId":"e15d16","hypothesisId":"H2","location":"BoggleGUI.afterTurn","message":"nextTurn status","timestamp":1778605020662,"data":{"status":0,"round":1}}
{"sessionId":"e15d16","hypothesisId":"H2","location":"BoggleGUI.afterTurn","message":"nextTurn status","timestamp":1778605026372,"data":{"status":0,"round":2}}
{"sessionId":"e15d16","hypothesisId":"H2","location":"BoggleGUI.afterTurn","message":"nextTurn status","timestamp":1778605037363,"data":{"status":0,"round":2}}
{"sessionId":"e15d16","hypothesisId":"H2","location":"BoggleGUI.afterTurn","message":"nextTurn status","timestamp":1778605045265,"data":{"status":0,"round":3}}
{"sessionId":"e15d16","hypothesisId":"H2","location":"BoggleGUI.afterTurn","message":"nextTurn status","timestamp":1778605055293,"data":{"status":0,"round":3}}
{"sessionId":"e15d16","hypothesisId":"H2","location":"BoggleGUI.afterTurn","message":"nextTurn status","timestamp":1778605065339,"data":{"status":0,"round":4}}
{"sessionId":"e15d16","hypothesisId":"H2","location":"BoggleGUI.afterTurn","message":"nextTurn status","timestamp":1778605079162,"data":{"status":1,"round":4}}
{"sessionId":"e15d16","hypothesisId":"H4","location":"BoggleGUI.startGame","message":"dictionary path check","timestamp":1778605120531,"data":{"exists":true,"path":"C:\\VSProject\\Test\\BoggleAssignment\\redesigned-octo-spork\\src\\wordlist.txt"}}
{"sessionId":"e15d16","hypothesisId":"H5","location":"BoggleGUI.startGame","message":"session about to start","timestamp":1778605122469,"data":{"phase":2,"playerCount":2}}
{"sessionId":"e15d16","hypothesisId":"H1","location":"BoggleGUI.startGame","message":"GameSession created","timestamp":1778605126926,"data":{}}
{"sessionId":"e15d16","hypothesisId":"H2","location":"BoggleGUI.afterTurn","message":"nextTurn status","timestamp":1778605175964,"data":{"status":0,"round":1}}
{"sessionId":"e15d16","hypothesisId":"H3","location":"BoggleGUI.aiMove","message":"AI turn result","timestamp":1778605176921,"data":{"passed":false,"word":"FAE"}}
{"sessionId":"e15d16","hypothesisId":"H2","location":"BoggleGUI.afterTurn","message":"nextTurn status","timestamp":1778605176925,"data":{"status":0,"round":2}}
{"sessionId":"e15d16","hypothesisId":"H2","location":"BoggleGUI.afterTurn","message":"nextTurn status","timestamp":1778605185438,"data":{"status":0,"round":2}}
{"sessionId":"e15d16","hypothesisId":"H3","location":"BoggleGUI.aiMove","message":"AI turn result","timestamp":1778605186368,"data":{"passed":false,"word":"NEA"}}
{"sessionId":"e15d16","hypothesisId":"H2","location":"BoggleGUI.afterTurn","message":"nextTurn status","timestamp":1778605186371,"data":{"status":0,"round":3}}
{"sessionId":"e15d16","hypothesisId":"H2","location":"BoggleGUI.afterTurn","message":"nextTurn status","timestamp":1778605209877,"data":{"status":2,"round":3}}
{"sessionId":"e15d16","hypothesisId":"BOOT","location":"BoggleGUI.<init>","message":"gui started","timestamp":1778685978813,"data":{"logFile":"C:\\VSProject\\Test\\BoggleAssignment\\redesigned-octo-spork\\debug-e15d16.log","userDir":"C:\\VSProject\\Test\\BoggleAssignment\\redesigned-octo-spork"}}
{"sessionId":"e15d16","hypothesisId":"H4","location":"BoggleGUI.startGame","message":"dictionary path check","timestamp":1778685983522,"data":{"exists":true,"path":"src\\wordlist.txt"}}
{"sessionId":"e15d16","hypothesisId":"H5","location":"BoggleGUI.startGame","message":"session about to start","timestamp":1778685984992,"data":{"phase":2,"playerCount":2}}
{"sessionId":"e15d16","hypothesisId":"H1","location":"BoggleGUI.startGame","message":"GameSession created","timestamp":1778685989771,"data":{}}
{"sessionId":"e15d16","hypothesisId":"BOOT","location":"BoggleGUI.<init>","message":"gui started","timestamp":1778691988472,"data":{"logFile":"C:\\VSProject\\Test\\BoggleAssignment\\redesigned-octo-spork\\debug-e15d16.log","userDir":"C:\\VSProject\\Test\\BoggleAssignment\\redesigned-octo-spork"}}
{"sessionId":"e15d16","hypothesisId":"H4","location":"BoggleGUI.startGame","message":"dictionary path check","timestamp":1778692010580,"data":{"exists":true,"path":"C:\\VSProject\\Test\\BoggleAssignment\\redesigned-octo-spork\\src\\wordlist.txt"}}
{"sessionId":"e15d16","hypothesisId":"H5","location":"BoggleGUI.startGame","message":"session about to start","timestamp":1778692012221,"data":{"phase":2,"playerCount":2}}
{"sessionId":"e15d16","hypothesisId":"H1","location":"BoggleGUI.startGame","message":"GameSession created","timestamp":1778692014781,"data":{}}
{"sessionId":"e15d16","hypothesisId":"H2","location":"BoggleGUI.afterTurn","message":"nextTurn status","timestamp":1778692210074,"data":{"status":0,"round":1}}
{"sessionId":"e15d16","hypothesisId":"H3","location":"BoggleGUI.aiMove","message":"AI turn result","timestamp":1778692211011,"data":{"passed":false,"word":"PLOUTER"}}
{"sessionId":"e15d16","hypothesisId":"H2","location":"BoggleGUI.afterTurn","message":"nextTurn status","timestamp":1778692211013,"data":{"status":0,"round":2}}
{"sessionId":"e15d16","hypothesisId":"H2","location":"BoggleGUI.afterTurn","message":"nextTurn status","timestamp":1778692250079,"data":{"status":0,"round":2}}
{"sessionId":"e15d16","hypothesisId":"H3","location":"BoggleGUI.aiMove","message":"AI turn result","timestamp":1778692251003,"data":{"passed":false,"word":"URO"}}
{"sessionId":"e15d16","hypothesisId":"H2","location":"BoggleGUI.afterTurn","message":"nextTurn status","timestamp":1778692251005,"data":{"status":0,"round":3}}
{"sessionId":"e15d16","hypothesisId":"H2","location":"BoggleGUI.afterTurn","message":"nextTurn status","timestamp":1778692269804,"data":{"status":0,"round":3}}
{"sessionId":"e15d16","hypothesisId":"H3","location":"BoggleGUI.aiMove","message":"AI turn result","timestamp":1778692270717,"data":{"passed":false,"word":"FIDO"}}
{"sessionId":"e15d16","hypothesisId":"H2","location":"BoggleGUI.afterTurn","message":"nextTurn status","timestamp":1778692270719,"data":{"status":0,"round":4}}
{"sessionId":"e15d16","hypothesisId":"H2","location":"BoggleGUI.afterTurn","message":"nextTurn status","timestamp":1778692281628,"data":{"status":0,"round":4}}
{"sessionId":"e15d16","hypothesisId":"H3","location":"BoggleGUI.aiMove","message":"AI turn result","timestamp":1778692282546,"data":{"passed":false,"word":"TORO"}}
{"sessionId":"e15d16","hypothesisId":"H2","location":"BoggleGUI.afterTurn","message":"nextTurn status","timestamp":1778692282547,"data":{"status":0,"round":5}}
{"sessionId":"e15d16","hypothesisId":"BOOT","location":"BoggleGUI.<init>","message":"gui started","timestamp":1778693471243,"data":{"logFile":"C:\\VSProject\\Test\\BoggleAssignment\\redesigned-octo-spork\\debug-e15d16.log","userDir":"C:\\VSProject\\Test\\BoggleAssignment\\redesigned-octo-spork"}}
{"sessionId":"e15d16","hypothesisId":"H4","location":"BoggleGUI.startGame","message":"dictionary path check","timestamp":1778693476825,"data":{"exists":true,"path":"C:\\VSProject\\Test\\BoggleAssignment\\redesigned-octo-spork\\src\\wordlist.txt"}}
{"sessionId":"e15d16","hypothesisId":"H5","location":"BoggleGUI.startGame","message":"session about to start","timestamp":1778693478024,"data":{"phase":2,"playerCount":2}}
{"sessionId":"e15d16","hypothesisId":"H1","location":"BoggleGUI.startGame","message":"GameSession created","timestamp":1778693481131,"data":{}}
{"sessionId":"e15d16","hypothesisId":"H2","location":"BoggleGUI.afterTurn","message":"nextTurn status","timestamp":1778693494422,"data":{"status":0,"round":1}}
{"sessionId":"e15d16","hypothesisId":"H3","location":"BoggleGUI.aiMove","message":"AI turn result","timestamp":1778693495387,"data":{"passed":false,"word":"EDO"}}
{"sessionId":"e15d16","hypothesisId":"H2","location":"BoggleGUI.afterTurn","message":"nextTurn status","timestamp":1778693495392,"data":{"status":0,"round":2}}
{"sessionId":"e15d16","hypothesisId":"H2","location":"BoggleGUI.afterTurn","message":"nextTurn status","timestamp":1778693521981,"data":{"status":0,"round":2}}
{"sessionId":"e15d16","hypothesisId":"H3","location":"BoggleGUI.aiMove","message":"AI turn result","timestamp":1778693522905,"data":{"passed":false,"word":"WINNEL"}}
{"sessionId":"e15d16","hypothesisId":"H2","location":"BoggleGUI.afterTurn","message":"nextTurn status","timestamp":1778693522911,"data":{"status":0,"round":3}}
{"sessionId":"e15d16","hypothesisId":"H3","location":"BoggleGUI.aiMove","message":"AI turn result","timestamp":1778693523829,"data":{"passed":false,"word":"NEPA"}}
{"sessionId":"e15d16","hypothesisId":"H2","location":"BoggleGUI.afterTurn","message":"nextTurn status","timestamp":1778693523831,"data":{"status":0,"round":4}}
{"sessionId":"e15d16","hypothesisId":"H3","location":"BoggleGUI.aiMove","message":"AI turn result","timestamp":1778693524751,"data":{"passed":false,"word":"OWN"}}
{"sessionId":"e15d16","hypothesisId":"H2","location":"BoggleGUI.afterTurn","message":"nextTurn status","timestamp":1778693524754,"data":{"status":0,"round":5}}
{"sessionId":"e15d16","hypothesisId":"H3","location":"BoggleGUI.aiMove","message":"AI turn result","timestamp":1778693525665,"data":{"passed":false,"word":"MONIES"}}
{"sessionId":"e15d16","hypothesisId":"H2","location":"BoggleGUI.afterTurn","message":"nextTurn status","timestamp":1778693525667,"data":{"status":0,"round":6}}
{"sessionId":"e15d16","hypothesisId":"H3","location":"BoggleGUI.aiMove","message":"AI turn result","timestamp":1778693526584,"data":{"passed":false,"word":"LEOS"}}
{"sessionId":"e15d16","hypothesisId":"H2","location":"BoggleGUI.afterTurn","message":"nextTurn status","timestamp":1778693526587,"data":{"status":0,"round":7}}
{"sessionId":"e15d16","hypothesisId":"H3","location":"BoggleGUI.aiMove","message":"AI turn result","timestamp":1778693527505,"data":{"passed":false,"word":"MEA"}}
{"sessionId":"e15d16","hypothesisId":"H2","location":"BoggleGUI.afterTurn","message":"nextTurn status","timestamp":1778693527509,"data":{"status":0,"round":8}}
{"sessionId":"e15d16","hypothesisId":"H3","location":"BoggleGUI.aiMove","message":"AI turn result","timestamp":1778693528427,"data":{"passed":false,"word":"NOMES"}}
{"sessionId":"e15d16","hypothesisId":"H2","location":"BoggleGUI.afterTurn","message":"nextTurn status","timestamp":1778693528430,"data":{"status":0,"round":9}}
{"sessionId":"e15d16","hypothesisId":"H3","location":"BoggleGUI.aiMove","message":"AI turn result","timestamp":1778693529337,"data":{"passed":false,"word":"DELEAD"}}
{"sessionId":"e15d16","hypothesisId":"H2","location":"BoggleGUI.afterTurn","message":"nextTurn status","timestamp":1778693529338,"data":{"status":0,"round":10}}
{"sessionId":"e15d16","hypothesisId":"H3","location":"BoggleGUI.aiMove","message":"AI turn result","timestamp":1778693530247,"data":{"passed":false,"word":"SPENCE"}}
{"sessionId":"e15d16","hypothesisId":"H2","location":"BoggleGUI.afterTurn","message":"nextTurn status","timestamp":1778693530250,"data":{"status":0,"round":11}}
{"sessionId":"e15d16","hypothesisId":"H3","location":"BoggleGUI.aiMove","message":"AI turn result","timestamp":1778693531169,"data":{"passed":false,"word":"DAS"}}
{"sessionId":"e15d16","hypothesisId":"H2","location":"BoggleGUI.afterTurn","message":"nextTurn status","timestamp":1778693531171,"data":{"status":0,"round":12}}
{"sessionId":"e15d16","hypothesisId":"H3","location":"BoggleGUI.aiMove","message":"AI turn result","timestamp":1778693532087,"data":{"passed":false,"word":"POM"}}
{"sessionId":"e15d16","hypothesisId":"H2","location":"BoggleGUI.afterTurn","message":"nextTurn status","timestamp":1778693532090,"data":{"status":0,"round":13}}
{"sessionId":"e15d16","hypothesisId":"H3","location":"BoggleGUI.aiMove","message":"AI turn result","timestamp":1778693533009,"data":{"passed":false,"word":"ADOS"}}
{"sessionId":"e15d16","hypothesisId":"H2","location":"BoggleGUI.afterTurn","message":"nextTurn status","timestamp":1778693533010,"data":{"status":0,"round":14}}
{"sessionId":"e15d16","hypothesisId":"H3","location":"BoggleGUI.aiMove","message":"AI turn result","timestamp":1778693533924,"data":{"passed":false,"word":"ADDN"}}
{"sessionId":"e15d16","hypothesisId":"H2","location":"BoggleGUI.afterTurn","message":"nextTurn status","timestamp":1778693533925,"data":{"status":0,"round":15}}
{"sessionId":"e15d16","hypothesisId":"H3","location":"BoggleGUI.aiMove","message":"AI turn result","timestamp":1778693534836,"data":{"passed":false,"word":"DEDO"}}
{"sessionId":"e15d16","hypothesisId":"H2","location":"BoggleGUI.afterTurn","message":"nextTurn status","timestamp":1778693534837,"data":{"status":0,"round":16}}
{"sessionId":"e15d16","hypothesisId":"H3","location":"BoggleGUI.aiMove","message":"AI turn result","timestamp":1778693535749,"data":{"passed":false,"word":"PENCEL"}}
{"sessionId":"e15d16","hypothesisId":"H2","location":"BoggleGUI.afterTurn","message":"nextTurn status","timestamp":1778693535752,"data":{"status":0,"round":17}}
{"sessionId":"e15d16","hypothesisId":"H3","location":"BoggleGUI.aiMove","message":"AI turn result","timestamp":1778693536667,"data":{"passed":false,"word":"SEN"}}
{"sessionId":"e15d16","hypothesisId":"H2","location":"BoggleGUI.afterTurn","message":"nextTurn status","timestamp":1778693536670,"data":{"status":0,"round":18}}
{"sessionId":"e15d16","hypothesisId":"H3","location":"BoggleGUI.aiMove","message":"AI turn result","timestamp":1778693537581,"data":{"passed":false,"word":"ADO"}}
{"sessionId":"e15d16","hypothesisId":"H2","location":"BoggleGUI.afterTurn","message":"nextTurn status","timestamp":1778693537582,"data":{"status":0,"round":19}}
{"sessionId":"e15d16","hypothesisId":"H3","location":"BoggleGUI.aiMove","message":"AI turn result","timestamp":1778693538490,"data":{"passed":false,"word":"SECNO"}}
{"sessionId":"e15d16","hypothesisId":"H2","location":"BoggleGUI.afterTurn","message":"nextTurn status","timestamp":1778693538492,"data":{"status":0,"round":20}}
{"sessionId":"e15d16","hypothesisId":"H3","location":"BoggleGUI.aiMove","message":"AI turn result","timestamp":1778693539398,"data":{"passed":false,"word":"ZEND"}}
{"sessionId":"e15d16","hypothesisId":"H2","location":"BoggleGUI.afterTurn","message":"nextTurn status","timestamp":1778693539400,"data":{"status":0,"round":21}}
{"sessionId":"e15d16","hypothesisId":"H3","location":"BoggleGUI.aiMove","message":"AI turn result","timestamp":1778693540321,"data":{"passed":false,"word":"DAE"}}
{"sessionId":"e15d16","hypothesisId":"H2","location":"BoggleGUI.afterTurn","message":"nextTurn status","timestamp":1778693540324,"data":{"status":0,"round":22}}
{"sessionId":"e15d16","hypothesisId":"H3","location":"BoggleGUI.aiMove","message":"AI turn result","timestamp":1778693541230,"data":{"passed":false,"word":"PSEND"}}
{"sessionId":"e15d16","hypothesisId":"H2","location":"BoggleGUI.afterTurn","message":"nextTurn status","timestamp":1778693541231,"data":{"status":0,"round":23}}
{"sessionId":"e15d16","hypothesisId":"H3","location":"BoggleGUI.aiMove","message":"AI turn result","timestamp":1778693542139,"data":{"passed":false,"word":"OAD"}}
{"sessionId":"e15d16","hypothesisId":"H2","location":"BoggleGUI.afterTurn","message":"nextTurn status","timestamp":1778693542140,"data":{"status":0,"round":24}}
{"sessionId":"e15d16","hypothesisId":"H3","location":"BoggleGUI.aiMove","message":"AI turn result","timestamp":1778693543048,"data":{"passed":false,"word":"DEAD"}}
{"sessionId":"e15d16","hypothesisId":"H2","location":"BoggleGUI.afterTurn","message":"nextTurn status","timestamp":1778693543049,"data":{"status":0,"round":25}}
{"sessionId":"e15d16","hypothesisId":"H3","location":"BoggleGUI.aiMove","message":"AI turn result","timestamp":1778693543960,"data":{"passed":false,"word":"INN"}}
{"sessionId":"e15d16","hypothesisId":"H2","location":"BoggleGUI.afterTurn","message":"nextTurn status","timestamp":1778693543962,"data":{"status":0,"round":26}}
{"sessionId":"e15d16","hypothesisId":"H3","location":"BoggleGUI.aiMove","message":"AI turn result","timestamp":1778693544877,"data":{"passed":false,"word":"OMNI"}}
{"sessionId":"e15d16","hypothesisId":"H2","location":"BoggleGUI.afterTurn","message":"nextTurn status","timestamp":1778693544879,"data":{"status":0,"round":27}}
{"sessionId":"e15d16","hypothesisId":"H3","location":"BoggleGUI.aiMove","message":"AI turn result","timestamp":1778693545786,"data":{"passed":false,"word":"SEE"}}
{"sessionId":"e15d16","hypothesisId":"H2","location":"BoggleGUI.afterTurn","message":"nextTurn status","timestamp":1778693545788,"data":{"status":0,"round":28}}
{"sessionId":"e15d16","hypothesisId":"H3","location":"BoggleGUI.aiMove","message":"AI turn result","timestamp":1778693546706,"data":{"passed":false,"word":"LEA"}}
{"sessionId":"e15d16","hypothesisId":"H2","location":"BoggleGUI.afterTurn","message":"nextTurn status","timestamp":1778693546708,"data":{"status":0,"round":29}}
{"sessionId":"e15d16","hypothesisId":"H3","location":"BoggleGUI.aiMove","message":"AI turn result","timestamp":1778693547617,"data":{"passed":false,"word":"EDS"}}
{"sessionId":"e15d16","hypothesisId":"H2","location":"BoggleGUI.afterTurn","message":"nextTurn status","timestamp":1778693547619,"data":{"status":0,"round":30}}
{"sessionId":"e15d16","hypothesisId":"H3","location":"BoggleGUI.aiMove","message":"AI turn result","timestamp":1778693548534,"data":{"passed":false,"word":"ZENDOS"}}
{"sessionId":"e15d16","hypothesisId":"H2","location":"BoggleGUI.afterTurn","message":"nextTurn status","timestamp":1778693548536,"data":{"status":0,"round":31}}
{"sessionId":"e15d16","hypothesisId":"H3","location":"BoggleGUI.aiMove","message":"AI turn result","timestamp":1778693549451,"data":{"passed":false,"word":"ODEL"}}
{"sessionId":"e15d16","hypothesisId":"H2","location":"BoggleGUI.afterTurn","message":"nextTurn status","timestamp":1778693549452,"data":{"status":0,"round":32}}
{"sessionId":"e15d16","hypothesisId":"H3","location":"BoggleGUI.aiMove","message":"AI turn result","timestamp":1778693550358,"data":{"passed":false,"word":"MEADS"}}
{"sessionId":"e15d16","hypothesisId":"H2","location":"BoggleGUI.afterTurn","message":"nextTurn status","timestamp":1778693550359,"data":{"status":0,"round":33}}
{"sessionId":"e15d16","hypothesisId":"H3","location":"BoggleGUI.aiMove","message":"AI turn result","timestamp":1778693551266,"data":{"passed":false,"word":"INCENSED"}}
{"sessionId":"e15d16","hypothesisId":"H2","location":"BoggleGUI.afterTurn","message":"nextTurn status","timestamp":1778693551267,"data":{"status":0,"round":34}}
{"sessionId":"e15d16","hypothesisId":"H3","location":"BoggleGUI.aiMove","message":"AI turn result","timestamp":1778693552175,"data":{"passed":false,"word":"APED"}}
{"sessionId":"e15d16","hypothesisId":"H2","location":"BoggleGUI.afterTurn","message":"nextTurn status","timestamp":1778693552177,"data":{"status":0,"round":35}}
{"sessionId":"e15d16","hypothesisId":"H3","location":"BoggleGUI.aiMove","message":"AI turn result","timestamp":1778693553096,"data":{"passed":false,"word":"PESA"}}
{"sessionId":"e15d16","hypothesisId":"H2","location":"BoggleGUI.afterTurn","message":"nextTurn status","timestamp":1778693553097,"data":{"status":0,"round":36}}
{"sessionId":"e15d16","hypothesisId":"H3","location":"BoggleGUI.aiMove","message":"AI turn result","timestamp":1778693554003,"data":{"passed":false,"word":"OPES"}}
{"sessionId":"e15d16","hypothesisId":"H2","location":"BoggleGUI.afterTurn","message":"nextTurn status","timestamp":1778693554004,"data":{"status":0,"round":37}}
{"sessionId":"e15d16","hypothesisId":"H3","location":"BoggleGUI.aiMove","message":"AI turn result","timestamp":1778693554911,"data":{"passed":false,"word":"MENDED"}}
{"sessionId":"e15d16","hypothesisId":"H2","location":"BoggleGUI.afterTurn","message":"nextTurn status","timestamp":1778693554912,"data":{"status":0,"round":38}}
{"sessionId":"e15d16","hypothesisId":"H3","location":"BoggleGUI.aiMove","message":"AI turn result","timestamp":1778693555824,"data":{"passed":false,"word":"CPS"}}
{"sessionId":"e15d16","hypothesisId":"H2","location":"BoggleGUI.afterTurn","message":"nextTurn status","timestamp":1778693555826,"data":{"status":0,"round":39}}
{"sessionId":"e15d16","hypothesisId":"H3","location":"BoggleGUI.aiMove","message":"AI turn result","timestamp":1778693556742,"data":{"passed":false,"word":"ENNEW"}}
{"sessionId":"e15d16","hypothesisId":"H2","location":"BoggleGUI.afterTurn","message":"nextTurn status","timestamp":1778693556743,"data":{"status":0,"round":40}}
{"sessionId":"e15d16","hypothesisId":"H3","location":"BoggleGUI.aiMove","message":"AI turn result","timestamp":1778693557654,"data":{"passed":false,"word":"DOS"}}
{"sessionId":"e15d16","hypothesisId":"H2","location":"BoggleGUI.afterTurn","message":"nextTurn status","timestamp":1778693557655,"data":{"status":0,"round":41}}
{"sessionId":"e15d16","hypothesisId":"H3","location":"BoggleGUI.aiMove","message":"AI turn result","timestamp":1778693558567,"data":{"passed":false,"word":"OPENS"}}
{"sessionId":"e15d16","hypothesisId":"H2","location":"BoggleGUI.afterTurn","message":"nextTurn status","timestamp":1778693558569,"data":{"status":0,"round":42}}
{"sessionId":"e15d16","hypothesisId":"H3","location":"BoggleGUI.aiMove","message":"AI turn result","timestamp":1778693559477,"data":{"passed":false,"word":"DASE"}}
{"sessionId":"e15d16","hypothesisId":"H2","location":"BoggleGUI.afterTurn","message":"nextTurn status","timestamp":1778693559478,"data":{"status":0,"round":43}}
{"sessionId":"e15d16","hypothesisId":"H3","location":"BoggleGUI.aiMove","message":"AI turn result","timestamp":1778693560397,"data":{"passed":false,"word":"WINCES"}}
{"sessionId":"e15d16","hypothesisId":"H2","location":"BoggleGUI.afterTurn","message":"nextTurn status","timestamp":1778693560399,"data":{"status":0,"round":44}}
{"sessionId":"e15d16","hypothesisId":"H3","location":"BoggleGUI.aiMove","message":"AI turn result","timestamp":1778693561306,"data":{"passed":false,"word":"MESAD"}}
{"sessionId":"e15d16","hypothesisId":"H2","location":"BoggleGUI.afterTurn","message":"nextTurn status","timestamp":1778693561308,"data":{"status":0,"round":45}}
{"sessionId":"e15d16","hypothesisId":"H3","location":"BoggleGUI.aiMove","message":"AI turn result","timestamp":1778693562217,"data":{"passed":false,"word":"MOWIE"}}
{"sessionId":"e15d16","hypothesisId":"H2","location":"BoggleGUI.afterTurn","message":"nextTurn status","timestamp":1778693562221,"data":{"status":0,"round":46}}
{"sessionId":"e15d16","hypothesisId":"H3","location":"BoggleGUI.aiMove","message":"AI turn result","timestamp":1778693563140,"data":{"passed":false,"word":"SEEL"}}
{"sessionId":"e15d16","hypothesisId":"H2","location":"BoggleGUI.afterTurn","message":"nextTurn status","timestamp":1778693563142,"data":{"status":0,"round":47}}
{"sessionId":"e15d16","hypothesisId":"H3","location":"BoggleGUI.aiMove","message":"AI turn result","timestamp":1778693564060,"data":{"passed":false,"word":"NED"}}
{"sessionId":"e15d16","hypothesisId":"H2","location":"BoggleGUI.afterTurn","message":"nextTurn status","timestamp":1778693564063,"data":{"status":0,"round":48}}
{"sessionId":"e15d16","hypothesisId":"H3","location":"BoggleGUI.aiMove","message":"AI turn result","timestamp":1778693564970,"data":{"passed":false,"word":"PEN"}}
{"sessionId":"e15d16","hypothesisId":"H2","location":"BoggleGUI.afterTurn","message":"nextTurn status","timestamp":1778693564973,"data":{"status":0,"round":49}}
{"sessionId":"e15d16","hypothesisId":"H3","location":"BoggleGUI.aiMove","message":"AI turn result","timestamp":1778693565891,"data":{"passed":false,"word":"SEEN"}}
{"sessionId":"e15d16","hypothesisId":"H2","location":"BoggleGUI.afterTurn","message":"nextTurn status","timestamp":1778693565893,"data":{"status":0,"round":50}}
{"sessionId":"e15d16","hypothesisId":"H3","location":"BoggleGUI.aiMove","message":"AI turn result","timestamp":1778693566798,"data":{"passed":false,"word":"MEDDLE"}}
{"sessionId":"e15d16","hypothesisId":"H2","location":"BoggleGUI.afterTurn","message":"nextTurn status","timestamp":1778693566799,"data":{"status":0,"round":51}}
{"sessionId":"e15d16","hypothesisId":"H3","location":"BoggleGUI.aiMove","message":"AI turn result","timestamp":1778693567733,"data":{"passed":false,"word":"ADEN"}}
{"sessionId":"e15d16","hypothesisId":"H2","location":"BoggleGUI.afterTurn","message":"nextTurn status","timestamp":1778693567735,"data":{"status":0,"round":52}}
{"sessionId":"e15d16","hypothesisId":"H3","location":"BoggleGUI.aiMove","message":"AI turn result","timestamp":1778693568652,"data":{"passed":false,"word":"DOSA"}}
{"sessionId":"e15d16","hypothesisId":"H2","location":"BoggleGUI.afterTurn","message":"nextTurn status","timestamp":1778693568656,"data":{"status":0,"round":53}}
{"sessionId":"e15d16","hypothesisId":"H3","location":"BoggleGUI.aiMove","message":"AI turn result","timestamp":1778693569567,"data":{"passed":false,"word":"NEMO"}}
{"sessionId":"e15d16","hypothesisId":"H2","location":"BoggleGUI.afterTurn","message":"nextTurn status","timestamp":1778693569574,"data":{"status":0,"round":54}}
{"sessionId":"e15d16","hypothesisId":"H3","location":"BoggleGUI.aiMove","message":"AI turn result","timestamp":1778693570489,"data":{"passed":false,"word":"ENDS"}}
{"sessionId":"e15d16","hypothesisId":"H2","location":"BoggleGUI.afterTurn","message":"nextTurn status","timestamp":1778693570491,"data":{"status":0,"round":55}}
{"sessionId":"e15d16","hypothesisId":"H3","location":"BoggleGUI.aiMove","message":"AI turn result","timestamp":1778693571414,"data":{"passed":false,"word":"SED"}}
{"sessionId":"e15d16","hypothesisId":"H2","location":"BoggleGUI.afterTurn","message":"nextTurn status","timestamp":1778693571416,"data":{"status":0,"round":56}}
{"sessionId":"e15d16","hypothesisId":"H3","location":"BoggleGUI.aiMove","message":"AI turn result","timestamp":1778693572325,"data":{"passed":false,"word":"SELD"}}
{"sessionId":"e15d16","hypothesisId":"H2","location":"BoggleGUI.afterTurn","message":"nextTurn status","timestamp":1778693572327,"data":{"status":0,"round":57}}
{"sessionId":"e15d16","hypothesisId":"H3","location":"BoggleGUI.aiMove","message":"AI turn result","timestamp":1778693573251,"data":{"passed":false,"word":"ZEDS"}}
{"sessionId":"e15d16","hypothesisId":"H2","location":"BoggleGUI.afterTurn","message":"nextTurn status","timestamp":1778693573255,"data":{"status":0,"round":58}}
{"sessionId":"e15d16","hypothesisId":"H3","location":"BoggleGUI.aiMove","message":"AI turn result","timestamp":1778693574175,"data":{"passed":false,"word":"SEPAD"}}
{"sessionId":"e15d16","hypothesisId":"H2","location":"BoggleGUI.afterTurn","message":"nextTurn status","timestamp":1778693574176,"data":{"status":0,"round":59}}
{"sessionId":"e15d16","hypothesisId":"H3","location":"BoggleGUI.aiMove","message":"AI turn result","timestamp":1778693575093,"data":{"passed":false,"word":"SENCI"}}
{"sessionId":"e15d16","hypothesisId":"H2","location":"BoggleGUI.afterTurn","message":"nextTurn status","timestamp":1778693575095,"data":{"status":0,"round":60}}
{"sessionId":"e15d16","hypothesisId":"H3","location":"BoggleGUI.aiMove","message":"AI turn result","timestamp":1778693576017,"data":{"passed":false,"word":"PEPS"}}
{"sessionId":"e15d16","hypothesisId":"H2","location":"BoggleGUI.afterTurn","message":"nextTurn status","timestamp":1778693576018,"data":{"status":0,"round":61}}
{"sessionId":"e15d16","hypothesisId":"H3","location":"BoggleGUI.aiMove","message":"AI turn result","timestamp":1778693576953,"data":{"passed":false,"word":"ISE"}}
{"sessionId":"e15d16","hypothesisId":"H2","location":"BoggleGUI.afterTurn","message":"nextTurn status","timestamp":1778693576958,"data":{"status":0,"round":62}}
{"sessionId":"e15d16","hypothesisId":"H3","location":"BoggleGUI.aiMove","message":"AI turn result","timestamp":1778693577879,"data":{"passed":false,"word":"SADDLES"}}
{"sessionId":"e15d16","hypothesisId":"H2","location":"BoggleGUI.afterTurn","message":"nextTurn status","timestamp":1778693577882,"data":{"status":0,"round":63}}
{"sessionId":"e15d16","hypothesisId":"H3","location":"BoggleGUI.aiMove","message":"AI turn result","timestamp":1778693578795,"data":{"passed":false,"word":"SENSED"}}
{"sessionId":"e15d16","hypothesisId":"H2","location":"BoggleGUI.afterTurn","message":"nextTurn status","timestamp":1778693578797,"data":{"status":0,"round":64}}
{"sessionId":"e15d16","hypothesisId":"H3","location":"BoggleGUI.aiMove","message":"AI turn result","timestamp":1778693579717,"data":{"passed":false,"word":"ZENDO"}}
{"sessionId":"e15d16","hypothesisId":"H2","location":"BoggleGUI.afterTurn","message":"nextTurn status","timestamp":1778693579719,"data":{"status":0,"round":65}}
{"sessionId":"e15d16","hypothesisId":"H3","location":"BoggleGUI.aiMove","message":"AI turn result","timestamp":1778693580716,"data":{"passed":false,"word":"DEPAS"}}
{"sessionId":"e15d16","hypothesisId":"H2","location":"BoggleGUI.afterTurn","message":"nextTurn status","timestamp":1778693580723,"data":{"status":0,"round":66}}
{"sessionId":"e15d16","hypothesisId":"H3","location":"BoggleGUI.aiMove","message":"AI turn result","timestamp":1778693581669,"data":{"passed":false,"word":"MEN"}}
{"sessionId":"e15d16","hypothesisId":"H2","location":"BoggleGUI.afterTurn","message":"nextTurn status","timestamp":1778693581677,"data":{"status":0,"round":67}}
{"sessionId":"e15d16","hypothesisId":"H3","location":"BoggleGUI.aiMove","message":"AI turn result","timestamp":1778693582623,"data":{"passed":false,"word":"NEIN"}}
{"sessionId":"e15d16","hypothesisId":"H2","location":"BoggleGUI.afterTurn","message":"nextTurn status","timestamp":1778693582641,"data":{"status":0,"round":68}}
{"sessionId":"e15d16","hypothesisId":"H3","location":"BoggleGUI.aiMove","message":"AI turn result","timestamp":1778693583995,"data":{"passed":false,"word":"SODDEN"}}
{"sessionId":"e15d16","hypothesisId":"H2","location":"BoggleGUI.afterTurn","message":"nextTurn status","timestamp":1778693584029,"data":{"status":0,"round":69}}
{"sessionId":"e15d16","hypothesisId":"H3","location":"BoggleGUI.aiMove","message":"AI turn result","timestamp":1778693585002,"data":{"passed":false,"word":"NIES"}}
{"sessionId":"e15d16","hypothesisId":"H2","location":"BoggleGUI.afterTurn","message":"nextTurn status","timestamp":1778693585004,"data":{"status":0,"round":70}}
{"sessionId":"e15d16","hypothesisId":"H3","location":"BoggleGUI.aiMove","message":"AI turn result","timestamp":1778693585925,"data":{"passed":false,"word":"DELES"}}
{"sessionId":"e15d16","hypothesisId":"H2","location":"BoggleGUI.afterTurn","message":"nextTurn status","timestamp":1778693585927,"data":{"status":0,"round":71}}
{"sessionId":"e15d16","hypothesisId":"H3","location":"BoggleGUI.aiMove","message":"AI turn result","timestamp":1778693586841,"data":{"passed":false,"word":"LENSED"}}
{"sessionId":"e15d16","hypothesisId":"H2","location":"BoggleGUI.afterTurn","message":"nextTurn status","timestamp":1778693586843,"data":{"status":0,"round":72}}
{"sessionId":"e15d16","hypothesisId":"H3","location":"BoggleGUI.aiMove","message":"AI turn result","timestamp":1778693587753,"data":{"passed":false,"word":"SAZEN"}}
{"sessionId":"e15d16","hypothesisId":"H2","location":"BoggleGUI.afterTurn","message":"nextTurn status","timestamp":1778693587755,"data":{"status":0,"round":73}}
{"sessionId":"e15d16","hypothesisId":"H3","location":"BoggleGUI.aiMove","message":"AI turn result","timestamp":1778693588673,"data":{"passed":false,"word":"ENS"}}
{"sessionId":"e15d16","hypothesisId":"H2","location":"BoggleGUI.afterTurn","message":"nextTurn status","timestamp":1778693588675,"data":{"status":0,"round":74}}
{"sessionId":"e15d16","hypothesisId":"BOOT","location":"BoggleGUI.<init>","message":"gui started","timestamp":1778693599385,"data":{"logFile":"C:\\VSProject\\Test\\BoggleAssignment\\redesigned-octo-spork\\debug-e15d16.log","userDir":"C:\\VSProject\\Test\\BoggleAssignment\\redesigned-octo-spork"}}
{"sessionId":"e15d16","hypothesisId":"H4","location":"BoggleGUI.startGame","message":"dictionary path check","timestamp":1778693605464,"data":{"exists":true,"path":"C:\\VSProject\\Test\\BoggleAssignment\\redesigned-octo-spork\\src\\wordlist.txt"}}
{"sessionId":"e15d16","hypothesisId":"H5","location":"BoggleGUI.startGame","message":"session about to start","timestamp":1778693607036,"data":{"phase":2,"playerCount":2}}
{"sessionId":"e15d16","hypothesisId":"H1","location":"BoggleGUI.startGame","message":"GameSession created","timestamp":1778693609598,"data":{}}
{"sessionId":"e15d16","hypothesisId":"H2","location":"BoggleGUI.afterTurn","message":"nextTurn status","timestamp":1778693623293,"data":{"status":0,"round":1}}
{"sessionId":"e15d16","hypothesisId":"H3","location":"BoggleGUI.aiMove","message":"AI turn result","timestamp":1778693624216,"data":{"passed":false,"word":"FIL"}}
{"sessionId":"e15d16","hypothesisId":"H2","location":"BoggleGUI.afterTurn","message":"nextTurn status","timestamp":1778693624222,"data":{"status":0,"round":2}}
{"sessionId":"e15d16","hypothesisId":"H3","location":"BoggleGUI.aiMove","message":"AI turn result","timestamp":1778693625133,"data":{"passed":false,"word":"SHA"}}
{"sessionId":"e15d16","hypothesisId":"H2","location":"BoggleGUI.afterTurn","message":"nextTurn status","timestamp":1778693625138,"data":{"status":0,"round":3}}
{"sessionId":"e15d16","hypothesisId":"H3","location":"BoggleGUI.aiMove","message":"AI turn result","timestamp":1778693626054,"data":{"passed":false,"word":"ISH"}}
{"sessionId":"e15d16","hypothesisId":"H2","location":"BoggleGUI.afterTurn","message":"nextTurn status","timestamp":1778693626057,"data":{"status":0,"round":4}}
{"sessionId":"e15d16","hypothesisId":"H3","location":"BoggleGUI.aiMove","message":"AI turn result","timestamp":1778693626971,"data":{"passed":false,"word":"CION"}}
{"sessionId":"e15d16","hypothesisId":"H2","location":"BoggleGUI.afterTurn","message":"nextTurn status","timestamp":1778693626974,"data":{"status":0,"round":5}}
{"sessionId":"e15d16","hypothesisId":"H3","location":"BoggleGUI.aiMove","message":"AI turn result","timestamp":1778693627886,"data":{"passed":false,"word":"SHOT"}}
{"sessionId":"e15d16","hypothesisId":"H2","location":"BoggleGUI.afterTurn","message":"nextTurn status","timestamp":1778693627887,"data":{"status":0,"round":6}}
{"sessionId":"e15d16","hypothesisId":"H3","location":"BoggleGUI.aiMove","message":"AI turn result","timestamp":1778693628802,"data":{"passed":false,"word":"TORSI"}}
{"sessionId":"e15d16","hypothesisId":"H2","location":"BoggleGUI.afterTurn","message":"nextTurn status","timestamp":1778693628804,"data":{"status":0,"round":7}}
{"sessionId":"e15d16","hypothesisId":"H3","location":"BoggleGUI.aiMove","message":"AI turn result","timestamp":1778693629722,"data":{"passed":false,"word":"SHARE"}}
{"sessionId":"e15d16","hypothesisId":"H2","location":"BoggleGUI.afterTurn","message":"nextTurn status","timestamp":1778693629726,"data":{"status":0,"round":8}}
{"sessionId":"e15d16","hypothesisId":"H3","location":"BoggleGUI.aiMove","message":"AI turn result","timestamp":1778693630642,"data":{"passed":false,"word":"HISH"}}
{"sessionId":"e15d16","hypothesisId":"H2","location":"BoggleGUI.afterTurn","message":"nextTurn status","timestamp":1778693630646,"data":{"status":0,"round":9}}
{"sessionId":"e15d16","hypothesisId":"H3","location":"BoggleGUI.aiMove","message":"AI turn result","timestamp":1778693631560,"data":{"passed":false,"word":"EAR"}}
{"sessionId":"e15d16","hypothesisId":"H2","location":"BoggleGUI.afterTurn","message":"nextTurn status","timestamp":1778693631562,"data":{"status":0,"round":10}}
{"sessionId":"e15d16","hypothesisId":"H3","location":"BoggleGUI.aiMove","message":"AI turn result","timestamp":1778693632468,"data":{"passed":false,"word":"ALTO"}}
{"sessionId":"e15d16","hypothesisId":"H2","location":"BoggleGUI.afterTurn","message":"nextTurn status","timestamp":1778693632471,"data":{"status":0,"round":11}}
{"sessionId":"e15d16","hypothesisId":"H3","location":"BoggleGUI.aiMove","message":"AI turn result","timestamp":1778693633385,"data":{"passed":false,"word":"ISZ"}}
{"sessionId":"e15d16","hypothesisId":"H2","location":"BoggleGUI.afterTurn","message":"nextTurn status","timestamp":1778693633388,"data":{"status":0,"round":12}}
{"sessionId":"e15d16","hypothesisId":"H3","location":"BoggleGUI.aiMove","message":"AI turn result","timestamp":1778693634293,"data":{"passed":false,"word":"ASHLARS"}}
{"sessionId":"e15d16","hypothesisId":"H2","location":"BoggleGUI.afterTurn","message":"nextTurn status","timestamp":1778693634295,"data":{"status":0,"round":13}}
